<?xml version="1.0" encoding="us-ascii"?>

<!-- oks-data version 2.2 -->


<!DOCTYPE oks-data [
  <!ELEMENT oks-data (info, (include)?, (comments)?, (obj)+)>
  <!ELEMENT info EMPTY>
  <!ATTLIST info
      name CDATA #IMPLIED
      type CDATA #IMPLIED
      num-of-items CDATA #REQUIRED
      oks-format CDATA #FIXED "data"
      oks-version CDATA #REQUIRED
      created-by CDATA #IMPLIED
      created-on CDATA #IMPLIED
      creation-time CDATA #IMPLIED
      last-modified-by CDATA #IMPLIED
      last-modified-on CDATA #IMPLIED
      last-modification-time CDATA #IMPLIED
  >
  <!ELEMENT include (file)*>
  <!ELEMENT file EMPTY>
  <!ATTLIST file
      path CDATA #REQUIRED
  >
  <!ELEMENT comments (comment)*>
  <!ELEMENT comment EMPTY>
  <!ATTLIST comment
      creation-time CDATA #REQUIRED
      created-by CDATA #REQUIRED
      created-on CDATA #REQUIRED
      author CDATA #REQUIRED
      text CDATA #REQUIRED
  >
  <!ELEMENT obj (attr | rel)*>
  <!ATTLIST obj
      class CDATA #REQUIRED
      id CDATA #REQUIRED
  >
  <!ELEMENT attr (data)*>
  <!ATTLIST attr
      name CDATA #REQUIRED
      type (bool|s8|u8|s16|u16|s32|u32|s64|u64|float|double|date|time|string|uid|enum|class|-) "-"
      val CDATA ""
  >
  <!ELEMENT data EMPTY>
  <!ATTLIST data
      val CDATA #REQUIRED
  >
  <!ELEMENT rel (ref)*>
  <!ATTLIST rel
      name CDATA #REQUIRED
      class CDATA ""
      id CDATA ""
  >
  <!ELEMENT ref EMPTY>
  <!ATTLIST ref
      class CDATA #REQUIRED
      id CDATA #REQUIRED
  >
]>

<oks-data>

  <info name="" type="" num-of-items="143" oks-format="data" oks-version="862f2957270" created-by="eflumerf" created-on="ironvirt9.mshome.net" creation-time="20240308T162951" last-modified-by="eflumerf" last-modified-on="ironvirt9.mshome.net" last-modification-time="20240308T162951"/>

  <include>
    <file path="schema/appdal/application.schema.xml"/>
    <file path="schema/coredal/dunedaq.schema.xml"/>
    <file path="schema/appdal/trigger.schema.xml"/>
    <file path="schema/appdal/fdmodules.schema.xml"/>
  </include>


  <obj class="CustomTriggerCandidateMakerConf" id="cstm-tc-generator">
    <attr name="timestamp_method" type="enum" val="kTimeSync"/>
    <attr name="template_for" type="class" val="CustomTriggerCandidateMaker"/>
    <attr name="trigger_types" type="u32">
      <data val="3"/>
      <data val="7"/>
    </attr>
    <attr name="trigger_intervals" type="u32">
      <data val="62500000"/>
      <data val="62500000"/>
    </attr>
    <attr name="clock_frequency_hz" type="u32" val="62500000"/>
  </obj>

  <obj class="DFApplication" id="df-01">
    <attr name="application_name" type="string" val="daq_application"/>
    <attr name="source_id" type="u32" val="1"/>
    <rel name="runs_on" class="VirtualHost" id="vlocalhost"/>
    <rel name="queue_rules">
      <ref class="QueueConnectionRule" id="trigger-record-q-rule"/>
    </rel>
    <rel name="network_rules">
      <ref class="NetworkConnectionRule" id="td-trb-net-rule"/>
      <ref class="NetworkConnectionRule" id="data-req-net-rule"/>
      <ref class="NetworkConnectionRule" id="frag-net-rule"/>
      <ref class="NetworkConnectionRule" id="df-token-net-rule"/>
    </rel>
    <rel name="trb" class="TRBConf" id="trb-01"/>
    <rel name="data_writer" class="DataWriterConf" id="dw-01"/>
    <rel name="uses" class="DFHWConf" id="dfhw-01"/>
  </obj>

  <obj class="DFApplication" id="df-02">
    <attr name="application_name" type="string" val="daq_application"/>
    <attr name="source_id" type="u32" val="2"/>
    <rel name="runs_on" class="VirtualHost" id="vlocalhost"/>
    <rel name="queue_rules">
      <ref class="QueueConnectionRule" id="trigger-record-q-rule"/>
    </rel>
    <rel name="network_rules">
      <ref class="NetworkConnectionRule" id="td-trb-net-rule"/>
      <ref class="NetworkConnectionRule" id="data-req-net-rule"/>
      <ref class="NetworkConnectionRule" id="frag-net-rule"/>
      <ref class="NetworkConnectionRule" id="df-token-net-rule"/>
    </rel>
    <rel name="trb" class="TRBConf" id="trb-01"/>
    <rel name="data_writer" class="DataWriterConf" id="dw-01"/>
    <rel name="uses" class="DFHWConf" id="dfhw-01"/>
  </obj>

  <obj class="DFApplication" id="df-03">
    <attr name="application_name" type="string" val="daq_application"/>
    <attr name="source_id" type="u32" val="3"/>
    <rel name="runs_on" class="VirtualHost" id="vlocalhost"/>
    <rel name="queue_rules">
      <ref class="QueueConnectionRule" id="trigger-record-q-rule"/>
    </rel>
    <rel name="network_rules">
      <ref class="NetworkConnectionRule" id="td-trb-net-rule"/>
      <ref class="NetworkConnectionRule" id="data-req-net-rule"/>
      <ref class="NetworkConnectionRule" id="frag-net-rule"/>
      <ref class="NetworkConnectionRule" id="df-token-net-rule"/>
    </rel>
    <rel name="trb" class="TRBConf" id="trb-01"/>
    <rel name="data_writer" class="DataWriterConf" id="dw-01"/>
    <rel name="uses" class="DFHWConf" id="dfhw-01"/>
  </obj>

  <obj class="DFHWConf" id="dfhw-01">
    <rel name="uses">
      <ref class="StorageDevice" id="storage-01"/>
    </rel>
  </obj>

  <obj class="DFOApplication" id="dfo-01">
    <attr name="application_name" type="string" val="daq_application"/>
    <rel name="runs_on" class="VirtualHost" id="vlocalhost"/>
    <rel name="network_rules">
      <ref class="NetworkConnectionRule" id="td-dfo-net-rule"/>
      <ref class="NetworkConnectionRule" id="ti-net-rule"/>
      <ref class="NetworkConnectionRule" id="df-token-net-rule"/>
    </rel>
    <rel name="dfo" class="DFOConf" id="dfoconf-01"/>
  </obj>

  <obj class="DFOConf" id="dfoconf-01">
    <attr name="general_queue_timeout_ms" type="u32" val="100"/>
    <attr name="stop_timeout_ms" type="u32" val="100"/>
    <attr name="td_send_retries" type="s32" val="5"/>
    <attr name="busy_threshold" type="s32" val="2"/>
    <attr name="free_threshold" type="s32" val="1"/>
  </obj>

  <obj class="DROStreamConf" id="dummyStream-1">
    <attr name="source_id" type="u32" val="1"/>
    <rel name="geo_id" class="GeoId" id="dummyGeoId-1"/>
    <rel name="stream_params" class="StreamParameters" id="dummyStream-1"/>
  </obj>

  <obj class="DROStreamConf" id="dummyStream-2">
    <attr name="source_id" type="u32" val="2"/>
    <rel name="geo_id" class="GeoId" id="dummyGeoId-2"/>
    <rel name="stream_params" class="StreamParameters" id="dummyStream-1"/>
  </obj>

  <obj class="DROStreamConf" id="dummyStream-3">
    <attr name="source_id" type="u32" val="3"/>
    <rel name="geo_id" class="GeoId" id="dummyGeoId-3"/>
    <rel name="stream_params" class="StreamParameters" id="dummyStream-1"/>
  </obj>

  <obj class="DROStreamConf" id="dummyStream-4">
    <attr name="source_id" type="u32" val="4"/>
    <rel name="geo_id" class="GeoId" id="dummyGeoId-4"/>
    <rel name="stream_params" class="StreamParameters" id="dummyStream-1"/>
  </obj>

  <obj class="DataReaderConf" id="ta-subscriber-1">
    <attr name="template_for" type="class" val="DataSubscriber"/>
    <attr name="emulation_mode" type="bool" val="0"/>
  </obj>

  <obj class="DataReaderConf" id="tpset-subscriber-1">
    <attr name="template_for" type="class" val="DataSubscriber"/>
    <attr name="emulation_mode" type="bool" val="0"/>
  </obj>

  <obj class="DataStoreConf" id="default">
    <attr name="type" type="string" val="HDF5DataStore"/>
    <attr name="directory_path" type="string" val="."/>
    <attr name="mode" type="enum" val="all-per-file"/>
    <attr name="max_file_size" type="u64" val="4294967296"/>
    <attr name="disable_unique_filename_suffix" type="bool" val="0"/>
    <attr name="free_space_safety_factor" type="s32" val="5"/>
    <rel name="file_layout_params" class="HDF5FileLayoutParams" id="default"/>
    <rel name="filename_params" class="FilenameParams" id="default"/>
  </obj>

  <obj class="DataWriterConf" id="dw-01">
    <attr name="data_storage_prescale" type="s32" val="1"/>
    <attr name="min_write_retry_time_ms" type="s32" val="1"/>
    <attr name="max_write_retry_time_ms" type="s32" val="1000"/>
    <attr name="write_retry_time_increase_factor" type="s32" val="2"/>
    <rel name="data_store_params" class="DataStoreConf" id="default"/>
  </obj>

  <obj class="DetectorConfig" id="dummy-detector">
    <attr name="tpg_channel_map" type="string" val="PD2HDChannelMap"/>
    <attr name="clock_speed_hz" type="u32" val="62500000"/>
    <attr name="op_env" type="string" val="test"/>
  </obj>

  <obj class="FSMCommand" id="conf">
    <attr name="cmd" type="string" val="conf"/>
    <attr name="optional" type="bool" val="1"/>
  </obj>

  <obj class="FSMCommand" id="disable_triggers">
    <attr name="cmd" type="string" val="disable_triggers"/>
    <attr name="optional" type="bool" val="1"/>
  </obj>

  <obj class="FSMCommand" id="drain_dataflow">
    <attr name="cmd" type="string" val="drain_dataflow"/>
    <attr name="optional" type="bool" val="0"/>
  </obj>

  <obj class="FSMCommand" id="enable_triggers">
    <attr name="cmd" type="string" val="enable_triggers"/>
    <attr name="optional" type="bool" val="0"/>
  </obj>

  <obj class="FSMCommand" id="scrap">
    <attr name="cmd" type="string" val="scrap"/>
    <attr name="optional" type="bool" val="1"/>
  </obj>

  <obj class="FSMCommand" id="start">
    <attr name="cmd" type="string" val="start"/>
    <attr name="optional" type="bool" val="0"/>
  </obj>

  <obj class="FSMCommand" id="stop">
    <attr name="cmd" type="string" val="stop"/>
    <attr name="optional" type="bool" val="0"/>
  </obj>

  <obj class="FSMCommand" id="stop_trigger_sources">
    <attr name="cmd" type="string" val="stop_trigger_sources"/>
    <attr name="optional" type="bool" val="0"/>
  </obj>

  <obj class="FSMconfiguration" id="fsmConf-1">
    <attr name="states" type="string">
      <data val="initial"/>
      <data val="configured"/>
      <data val="ready"/>
      <data val="running"/>
      <data val="paused"/>
      <data val="dataflow_drained"/>
      <data val="trigger_sources_stopped"/>
      <data val="error"/>
    </attr>
    <attr name="initial_state" type="string" val="initial"/>
    <rel name="transitions">
      <ref class="FSMtransition" id="conf"/>
      <ref class="FSMtransition" id="start"/>
      <ref class="FSMtransition" id="enable_triggers"/>
      <ref class="FSMtransition" id="disable_triggers"/>
      <ref class="FSMtransition" id="drain_dataflow"/>
      <ref class="FSMtransition" id="stop_trigger_sources"/>
      <ref class="FSMtransition" id="stop"/>
      <ref class="FSMtransition" id="scrap"/>
    </rel>
    <rel name="command_sequences">
      <ref class="FSMsequence" id="shutdown"/>
      <ref class="FSMsequence" id="start_run"/>
      <ref class="FSMsequence" id="stop_run"/>
    </rel>
    <rel name="pre_transitions">
      <ref class="FSMxTransition" id="start"/>
    </rel>
  </obj>

  <obj class="FSMinterface" id="dummy-if">
    <attr name="name" type="string" val="user-provided-run-number"/>
  </obj>

  <obj class="FSMsequence" id="shutdown">
    <rel name="sequence">
      <ref class="FSMCommand" id="disable_triggers"/>
      <ref class="FSMCommand" id="drain_dataflow"/>
      <ref class="FSMCommand" id="stop_trigger_sources"/>
      <ref class="FSMCommand" id="stop"/>
      <ref class="FSMCommand" id="scrap"/>
    </rel>
  </obj>

  <obj class="FSMsequence" id="start_run">
    <rel name="sequence">
      <ref class="FSMCommand" id="conf"/>
      <ref class="FSMCommand" id="start"/>
      <ref class="FSMCommand" id="enable_triggers"/>
    </rel>
  </obj>

  <obj class="FSMsequence" id="stop_run">
    <rel name="sequence">
      <ref class="FSMCommand" id="disable_triggers"/>
      <ref class="FSMCommand" id="drain_dataflow"/>
      <ref class="FSMCommand" id="stop_trigger_sources"/>
      <ref class="FSMCommand" id="stop"/>
    </rel>
  </obj>

  <obj class="FSMtransition" id="conf">
    <attr name="source" type="string" val="initial"/>
    <attr name="dest" type="string" val="configured"/>
  </obj>

  <obj class="FSMtransition" id="disable_triggers">
    <attr name="source" type="string" val="running"/>
    <attr name="dest" type="string" val="ready"/>
  </obj>

  <obj class="FSMtransition" id="drain_dataflow">
    <attr name="source" type="string" val="ready"/>
    <attr name="dest" type="string" val="dataflow_drained"/>
  </obj>

  <obj class="FSMtransition" id="enable_triggers">
    <attr name="source" type="string" val="ready"/>
    <attr name="dest" type="string" val="running"/>
  </obj>

  <obj class="FSMtransition" id="scrap">
    <attr name="source" type="string" val="configured"/>
    <attr name="dest" type="string" val="initial"/>
  </obj>

  <obj class="FSMtransition" id="start">
    <attr name="source" type="string" val="configured"/>
    <attr name="dest" type="string" val="ready"/>
  </obj>

  <obj class="FSMtransition" id="stop">
    <attr name="source" type="string" val="trigger_sources_stopped"/>
    <attr name="dest" type="string" val="configured"/>
  </obj>

  <obj class="FSMtransition" id="stop_trigger_sources">
    <attr name="source" type="string" val="dataflow_drained"/>
    <attr name="dest" type="string" val="trigger_sources_stopped"/>
  </obj>

  <obj class="FSMxTransition" id="start">
    <attr name="order" type="string">
      <data val="user-provided-run-number"/>
    </attr>
    <attr name="mandatory" type="string">
      <data val="user-provided-run-number"/>
    </attr>
  </obj>

  <obj class="FilenameParams" id="default">
    <attr name="overall_prefix" type="string" val="swtest"/>
    <attr name="run_number_prefix" type="string" val="run"/>
    <attr name="digits_for_run_number" type="s32" val="6"/>
    <attr name="digits_for_file_index" type="s32" val="4"/>
    <attr name="writer_identifier" type="string" val="dataflow0_datawriter_0"/>
    <attr name="digits_for_trigger_number" type="s32" val="6"/>
  </obj>

  <obj class="GeoId" id="dummyGeoId-1">
    <attr name="detector_id" type="u32" val="1"/>
    <attr name="crate_id" type="u32" val="1"/>
    <attr name="slot_id" type="u32" val="1"/>
    <attr name="stream_id" type="u32" val="1"/>
  </obj>

  <obj class="GeoId" id="dummyGeoId-2">
    <attr name="detector_id" type="u32" val="1"/>
    <attr name="crate_id" type="u32" val="1"/>
    <attr name="slot_id" type="u32" val="1"/>
    <attr name="stream_id" type="u32" val="2"/>
  </obj>

  <obj class="GeoId" id="dummyGeoId-3">
    <attr name="detector_id" type="u32" val="1"/>
    <attr name="crate_id" type="u32" val="3"/>
    <attr name="slot_id" type="u32" val="1"/>
    <attr name="stream_id" type="u32" val="1"/>
  </obj>

  <obj class="GeoId" id="dummyGeoId-4">
    <attr name="detector_id" type="u32" val="1"/>
    <attr name="crate_id" type="u32" val="4"/>
    <attr name="slot_id" type="u32" val="1"/>
    <attr name="stream_id" type="u32" val="1"/>
  </obj>

  <obj class="HDF5FileLayoutParams" id="default">
    <attr name="record_name_prefix" type="string" val="TriggerRecord"/>
    <attr name="digits_for_record_number" type="s32" val="5"/>
    <attr name="digits_for_sequence_number" type="s32" val="4"/>
    <attr name="record_header_dataset_name" type="string" val="TriggerRecordHeader"/>
    <attr name="raw_data_group_name" type="string" val="RawData"/>
    <attr name="view_group_name" type="string" val="Views"/>
    <rel name="path_params_list">
      <ref class="HDF5PathParams" id="DataSelection"/>
      <ref class="HDF5PathParams" id="HSI"/>
      <ref class="HDF5PathParams" id="NDLArPDS"/>
      <ref class="HDF5PathParams" id="NDLarTPC"/>
      <ref class="HDF5PathParams" id="PDS"/>
      <ref class="HDF5PathParams" id="TPC"/>
    </rel>
  </obj>

  <obj class="HDF5PathParams" id="DataSelection">
    <attr name="detector_group_type" type="string" val="Trigger"/>
    <attr name="detector_group_name" type="string" val="DataSelection"/>
    <attr name="element_name_prefix" type="string" val="Element"/>
    <attr name="digits_for_element_number" type="s32" val="5"/>
  </obj>

  <obj class="HDF5PathParams" id="HSI">
    <attr name="detector_group_type" type="string" val="HW_Signals_Interface"/>
    <attr name="detector_group_name" type="string" val="HSI"/>
    <attr name="element_name_prefix" type="string" val="Element"/>
    <attr name="digits_for_element_number" type="s32" val="5"/>
  </obj>

  <obj class="HDF5PathParams" id="NDLArPDS">
    <attr name="detector_group_type" type="string" val="Detector_Readout"/>
    <attr name="detector_group_name" type="string" val="NDLArPDS"/>
    <attr name="element_name_prefix" type="string" val="Element"/>
    <attr name="digits_for_element_number" type="s32" val="5"/>
  </obj>

  <obj class="HDF5PathParams" id="NDLarTPC">
    <attr name="detector_group_type" type="string" val="Detector_Readout"/>
    <attr name="detector_group_name" type="string" val="NDLArTPC"/>
    <attr name="element_name_prefix" type="string" val="Element"/>
    <attr name="digits_for_element_number" type="s32" val="5"/>
  </obj>

  <obj class="HDF5PathParams" id="PDS">
    <attr name="detector_group_type" type="string" val="Detector_Readout"/>
    <attr name="detector_group_name" type="string" val="PDS"/>
    <attr name="element_name_prefix" type="string" val="Element"/>
    <attr name="digits_for_element_number" type="s32" val="5"/>
  </obj>

  <obj class="HDF5PathParams" id="TPC">
    <attr name="detector_group_type" type="string" val="Detector_Readout"/>
    <attr name="detector_group_name" type="string" val="TPC"/>
    <attr name="element_name_prefix" type="string" val="Link"/>
    <attr name="digits_for_element_number" type="s32" val="5"/>
  </obj>

  <obj class="LatencyBuffer" id="def-latency-buf">
    <attr name="size" type="u32" val="139008"/>
    <attr name="numa_aware" type="bool" val="0"/>
    <attr name="intrinsic_allocator" type="bool" val="1"/>
    <attr name="alignment_size" type="u32" val="4096"/>
    <attr name="preallocation" type="bool" val="0"/>
  </obj>

  <obj class="MLTApplication" id="mlt">
    <attr name="application_name" type="string" val="daq_application"/>
    <rel name="runs_on" class="VirtualHost" id="vlocalhost"/>
    <rel name="network_rules">
      <ref class="NetworkConnectionRule" id="tc-mlt-rule"/>
      <ref class="NetworkConnectionRule" id="ti-net-rule"/>
      <ref class="NetworkConnectionRule" id="td-dfo-net-rule"/>
    </rel>
    <rel name="mlt_conf" class="ModuleLevelTriggerConf" id="mlt-conf"/>
    <rel name="standalone_candidate_maker_confs">
      <ref class="RandomTriggerCandidateMakerConf" id="random-tc-generator"/>
    </rel>
  </obj>

  <obj class="ModuleLevelTriggerConf" id="mlt-conf">
    <attr name="template_for" type="class" val="ModuleLevelTrigger"/>
    <attr name="hsi_trigger_type_passthrough" type="bool" val="0"/>
    <attr name="merge_overlapping_tcs" type="bool" val="1"/>
    <attr name="td_out_of_timeout" type="bool" val="1"/>
    <attr name="buffer_timeout" type="u32" val="1"/>
    <attr name="td_readout_limit" type="u32" val="1"/>
    <attr name="use_bitwords" type="bool" val="0"/>
    <attr name="use_roi_readout" type="bool" val="0"/>
    <attr name="use_readout_map" type="bool" val="0"/>
  </obj>

  <obj class="NICReceiverConf" id="def-nic-receiver-conf">
    <attr name="template_for" type="class" val="FDFakeCardReader"/>
    <attr name="emulation_mode" type="bool" val="1"/>
    <attr name="eal_args" type="string" val="-l 0-1 -n 3 -- -m [0:1].0 -j"/>
    <rel name="emulation_conf" class="StreamEmulationParameters" id="stream-emu"/>
  </obj>

  <obj class="NICStatsConf" id="def-nic-stats">
    <attr name="analyze_nth_packet" type="s32" val="1"/>
    <attr name="expected_packet_size" type="u32" val="7243"/>
    <attr name="expected_seq_id_step" type="u32" val="1"/>
    <attr name="expected_timestamp_step" type="s32" val="1000"/>
  </obj>

  <obj class="NetworkConnectionDescriptor" id="data-req-net-input">
    <attr name="uid_base" type="string" val="data_requests_for_"/>
    <attr name="connection_type" type="enum" val="kSendRecv"/>
    <attr name="data_type" type="string" val="DataRequest"/>
    <rel name="associated_service" class="Service" id="dataRequests"/>
  </obj>

  <obj class="NetworkConnectionDescriptor" id="df-token-desc">
    <attr name="uid_base" type="string" val="dataflow_token"/>
    <attr name="connection_type" type="enum" val="kSendRecv"/>
    <attr name="data_type" type="string" val="TriggerDecisionToken"/>
    <rel name="associated_service" class="Service" id="dfTokens"/>
  </obj>

  <obj class="NetworkConnectionDescriptor" id="fragments">
    <attr name="uid_base" type="string" val="fragments_"/>
    <attr name="connection_type" type="enum" val="kSendRecv"/>
    <attr name="data_type" type="string" val="Fragment"/>
    <rel name="associated_service" class="Service" id="dataFragments"/>
  </obj>

  <obj class="NetworkConnectionDescriptor" id="hsi-desc">
    <attr name="uid_base" type="string" val="hsi_event"/>
    <attr name="connection_type" type="enum" val="kSendRecv"/>
    <attr name="data_type" type="string" val="HSIEvent"/>
    <rel name="associated_service" class="Service" id="HSIEvents"/>
  </obj>

  <obj class="NetworkConnectionDescriptor" id="ta-publisher">
    <attr name="uid_base" type="string" val="ta_"/>
    <attr name="connection_type" type="enum" val="kPubSub"/>
    <attr name="data_type" type="string" val="TriggerActivity"/>
    <rel name="associated_service" class="Service" id="triggerActivities"/>
  </obj>

  <obj class="NetworkConnectionDescriptor" id="tc-desc">
    <attr name="uid_base" type="string" val="tcs_"/>
    <attr name="connection_type" type="enum" val="kPubSub"/>
    <attr name="data_type" type="string" val="TriggerCandidate"/>
    <rel name="associated_service" class="Service" id="triggerCandidates"/>
  </obj>

  <obj class="NetworkConnectionDescriptor" id="timesync-publisher">
    <attr name="uid_base" type="string" val="time_sync_"/>
    <attr name="connection_type" type="enum" val="kPubSub"/>
    <attr name="data_type" type="string" val="TimeSync"/>
    <rel name="associated_service" class="Service" id="timeSyncs"/>
  </obj>

  <obj class="NetworkConnectionDescriptor" id="tp-publisher">
    <attr name="uid_base" type="string" val="trigger_primitives_"/>
    <attr name="connection_type" type="enum" val="kPubSub"/>
    <attr name="data_type" type="string" val="TPSet"/>
    <rel name="associated_service" class="Service" id="triggerPrimitives"/>
  </obj>

  <obj class="NetworkConnectionDescriptor" id="trigger-decision">
    <attr name="uid_base" type="string" val="trigger_decision_"/>
    <attr name="connection_type" type="enum" val="kSendRecv"/>
    <attr name="data_type" type="string" val="TriggerDecision"/>
    <rel name="associated_service" class="Service" id="triggerDecisions"/>
  </obj>

  <obj class="NetworkConnectionDescriptor" id="trigger-decision-dfo">
    <attr name="uid_base" type="string" val="trigger_decision_dfo"/>
    <attr name="connection_type" type="enum" val="kSendRecv"/>
    <attr name="data_type" type="string" val="TriggerDecision"/>
    <rel name="associated_service" class="Service" id="triggerDecisions"/>
  </obj>

  <obj class="NetworkConnectionDescriptor" id="trigger-inhibit">
    <attr name="uid_base" type="string" val="trigger_inhibit"/>
    <attr name="connection_type" type="enum" val="kSendRecv"/>
    <attr name="data_type" type="string" val="TriggerInhibit"/>
    <rel name="associated_service" class="Service" id="triggerInhibits"/>
  </obj>

  <obj class="NetworkConnectionRule" id="data-req-net-rule">
    <attr name="endpoint_class" type="class" val="FragmentAggregator"/>
    <rel name="descriptor" class="NetworkConnectionDescriptor" id="data-req-net-input"/>
  </obj>

  <obj class="NetworkConnectionRule" id="data-req-trig-net-rule">
    <attr name="endpoint_class" type="class" val="TriggerDataHandler"/>
    <rel name="descriptor" class="NetworkConnectionDescriptor" id="data-req-net-input"/>
  </obj>

  <obj class="NetworkConnectionRule" id="df-token-net-rule">
    <attr name="endpoint_class" type="class" val="DataFlowOrchestrator"/>
    <rel name="descriptor" class="NetworkConnectionDescriptor" id="df-token-desc"/>
  </obj>

  <obj class="NetworkConnectionRule" id="frag-net-rule">
    <attr name="endpoint_class" type="class" val="TriggerRecordBuilder"/>
    <rel name="descriptor" class="NetworkConnectionDescriptor" id="fragments"/>
  </obj>

  <obj class="NetworkConnectionRule" id="hsi-rule">
    <attr name="endpoint_class" type="class" val="DataSubscriber"/>
    <rel name="descriptor" class="NetworkConnectionDescriptor" id="hsi-desc"/>
  </obj>

  <obj class="NetworkConnectionRule" id="ta-net-rule">
    <attr name="endpoint_class" type="class" val="DataSubscriber"/>
    <rel name="descriptor" class="NetworkConnectionDescriptor" id="ta-publisher"/>
  </obj>

  <obj class="NetworkConnectionRule" id="tc-mlt-rule">
    <attr name="endpoint_class" type="class" val="ModuleLevelTrigger"/>
    <rel name="descriptor" class="NetworkConnectionDescriptor" id="tc-desc"/>
  </obj>

  <obj class="NetworkConnectionRule" id="td-dfo-net-rule">
    <attr name="endpoint_class" type="class" val="DataFlowOrchestrator"/>
    <rel name="descriptor" class="NetworkConnectionDescriptor" id="trigger-decision-dfo"/>
  </obj>

  <obj class="NetworkConnectionRule" id="td-trb-net-rule">
    <attr name="endpoint_class" type="class" val="TriggerRecordBuilder"/>
    <rel name="descriptor" class="NetworkConnectionDescriptor" id="trigger-decision"/>
  </obj>

  <obj class="NetworkConnectionRule" id="ti-net-rule">
    <attr name="endpoint_class" type="class" val="ModuleLevelTrigger"/>
    <rel name="descriptor" class="NetworkConnectionDescriptor" id="trigger-inhibit"/>
  </obj>

  <obj class="NetworkConnectionRule" id="tp-net-rule">
    <attr name="endpoint_class" type="class" val="TriggerDataHandler"/>
    <rel name="descriptor" class="NetworkConnectionDescriptor" id="tp-publisher"/>
  </obj>

  <obj class="NetworkConnectionRule" id="ts-net-rule">
    <attr name="endpoint_class" type="class" val="FDDataLinkHandler"/>
    <rel name="descriptor" class="NetworkConnectionDescriptor" id="timesync-publisher"/>
  </obj>

  <obj class="PhysicalHost" id="localhost">
    <rel name="contains">
      <ref class="ProcessingResource" id="localhost_cpus"/>
    </rel>
  </obj>

  <obj class="ProcessingResource" id="localhost_cpus">
    <attr name="cpu_cores" type="u16">
      <data val="0"/>
      <data val="1"/>
      <data val="2"/>
      <data val="3"/>
    </attr>
  </obj>

  <obj class="QueueConnectionRule" id="data-requests-queue-rule">
    <attr name="destination_class" type="class" val="FDDataLinkHandler"/>
    <rel name="descriptor" class="QueueDescriptor" id="data-req-queue-desc"/>
  </obj>

  <obj class="QueueConnectionRule" id="fa-queue-rule">
    <attr name="destination_class" type="class" val="FragmentAggregator"/>
    <rel name="descriptor" class="QueueDescriptor" id="fa-input"/>
  </obj>

  <obj class="QueueConnectionRule" id="ta-queue-rule">
    <attr name="destination_class" type="class" val="TriggerDataHandler"/>
    <rel name="descriptor" class="QueueDescriptor" id="ta-input"/>
  </obj>

  <obj class="QueueConnectionRule" id="tp-queue-rule">
    <attr name="destination_class" type="class" val="TriggerDataHandler"/>
    <rel name="descriptor" class="QueueDescriptor" id="tp-input"/>
  </obj>

  <obj class="QueueConnectionRule" id="trigger-record-q-rule">
    <attr name="destination_class" type="class" val="DataWriter"/>
    <rel name="descriptor" class="QueueDescriptor" id="trigger-record-1"/>
  </obj>

  <obj class="QueueConnectionRule" id="wib-eth-raw-data-rule">
    <attr name="destination_class" type="class" val="FDDataLinkHandler"/>
    <rel name="descriptor" class="QueueDescriptor" id="wib-eth-raw-input"/>
  </obj>

  <obj class="QueueDescriptor" id="data-req-queue-desc">
    <attr name="uid_base" type="string" val="internal_data_requests_for_"/>
    <attr name="queue_type" type="enum" val="kFollySPSCQueue"/>
    <attr name="capacity" type="u32" val="1000"/>
    <attr name="data_type" type="string" val="DataRequest"/>
  </obj>

  <obj class="QueueDescriptor" id="fa-input">
    <attr name="uid_base" type="string" val="internal_fragments_"/>
    <attr name="queue_type" type="enum" val="kFollyMPMCQueue"/>
    <attr name="capacity" type="u32" val="1000"/>
    <attr name="data_type" type="string" val="Fragment"/>
  </obj>

  <obj class="QueueDescriptor" id="ta-input">
    <attr name="uid_base" type="string" val="ta_input_"/>
    <attr name="queue_type" type="enum" val="kFollySPSCQueue"/>
    <attr name="capacity" type="u32" val="1000"/>
    <attr name="data_type" type="string" val="TriggerActivity"/>
  </obj>

  <obj class="QueueDescriptor" id="tp-input">
    <attr name="uid_base" type="string" val="tp_input_"/>
    <attr name="queue_type" type="enum" val="kFollyMPMCQueue"/>
    <attr name="capacity" type="u32" val="100000"/>
    <attr name="data_type" type="string" val="TriggerPrimitive"/>
  </obj>

  <obj class="QueueDescriptor" id="trigger-record-1">
    <attr name="uid_base" type="string" val="trigger_records_"/>
    <attr name="queue_type" type="enum" val="kFollySPSCQueue"/>
    <attr name="capacity" type="u32" val="11"/>
    <attr name="data_type" type="string" val="TriggerRecord"/>
  </obj>

  <obj class="RCApplication" id="df-controller">
    <attr name="application_name" type="string" val="controller"/>
    <rel name="runs_on" class="VirtualHost" id="vlocalhost"/>
    <rel name="fsm" class="FSMconfiguration" id="fsmConf-1"/>
  </obj>

  <obj class="RCApplication" id="root-controller">
    <attr name="application_name" type="string" val="controller"/>
    <rel name="runs_on" class="VirtualHost" id="vlocalhost"/>
    <rel name="fsm" class="FSMconfiguration" id="fsmConf-1"/>
  </obj>

  <obj class="RCApplication" id="trg-controller">
    <attr name="application_name" type="string" val="controller"/>
    <rel name="runs_on" class="VirtualHost" id="vlocalhost"/>
    <rel name="fsm" class="FSMconfiguration" id="fsmConf-1"/>
  </obj>

  <obj class="RandomTriggerCandidateMakerConf" id="random-tc-generator">
    <attr name="timestamp_method" type="enum" val="kTimeSync"/>
    <attr name="template_for" type="class" val="RandomTriggerCandidateMaker"/>
    <attr name="trigger_interval_ticks" type="u32" val="62500000"/>
    <attr name="clock_frequency_hz" type="u32" val="62500000"/>
    <attr name="time_distribution" type="enum" val="kUniform"/>
  </obj>

  <obj class="Segment" id="df-segment">
    <rel name="applications">
      <ref class="DFApplication" id="df-01"/>
      <ref class="DFOApplication" id="dfo-01"/>
    </rel>
    <rel name="controller" class="RCApplication" id="df-controller"/>
  </obj>

  <obj class="Segment" id="root-segment">
    <rel name="segments">
      <ref class="Segment" id="df-segment"/>
      <ref class="Segment" id="trg-segment"/>
    </rel>
    <rel name="controller" class="RCApplication" id="root-controller"/>
  </obj>

  <obj class="Segment" id="trg-segment">
    <rel name="applications">
      <ref class="MLTApplication" id="mlt"/>
    </rel>
    <rel name="controller" class="RCApplication" id="trg-controller"/>
  </obj>

  <obj class="Service" id="HSIEvents">
    <attr name="protocol" type="string" val="tcp"/>
    <attr name="port" type="u16" val="0"/>
  </obj>

  <obj class="Service" id="dataFragments">
    <attr name="protocol" type="string" val="tcp"/>
    <attr name="port" type="u16" val="0"/>
  </obj>

  <obj class="Service" id="dataRequests">
    <attr name="protocol" type="string" val="tcp"/>
    <attr name="port" type="u16" val="0"/>
  </obj>

  <obj class="Service" id="dfTokens">
    <attr name="protocol" type="string" val="tcp"/>
    <attr name="port" type="u16" val="0"/>
  </obj>

  <obj class="Service" id="timeSyncs">
    <attr name="protocol" type="string" val="tcp"/>
    <attr name="port" type="u16" val="0"/>
  </obj>

  <obj class="Service" id="triggerActivities">
    <attr name="protocol" type="string" val="tcp"/>
    <attr name="port" type="u16" val="0"/>
  </obj>

  <obj class="Service" id="triggerCandidates">
    <attr name="protocol" type="string" val="tcp"/>
    <attr name="port" type="u16" val="0"/>
  </obj>

  <obj class="Service" id="triggerDecisions">
    <attr name="protocol" type="string" val="tcp"/>
    <attr name="port" type="u16" val="0"/>
  </obj>

  <obj class="Service" id="triggerInhibits">
    <attr name="protocol" type="string" val="tcp"/>
    <attr name="port" type="u16" val="0"/>
  </obj>

  <obj class="Service" id="triggerPrimitives">
    <attr name="protocol" type="string" val="tcp"/>
    <attr name="port" type="u16" val="0"/>
  </obj>

  <obj class="StorageDevice" id="storage-01">
    <attr name="storage" type="u32" val="1000"/>
  </obj>

  <obj class="StreamEmulationParameters" id="stream-emu">
    <attr name="data_file_name" type="string" val="/cvmfs/dunedaq.opensciencegrid.org/assets/files/d/d/1/wibeth_output_all_zeros.bin"/>
    <attr name="input_file_size_limit" type="u32" val="1000000"/>
    <attr name="set_t0" type="bool" val="1"/>
    <attr name="random_population_size" type="u32" val="4096"/>
    <attr name="frame_error_rate_hz" type="float" val="0"/>
    <attr name="generate_periodic_adc_pattern" type="bool" val="1"/>
    <attr name="TP_rate_per_channel" type="float" val="0.1"/>
  </obj>

  <obj class="StreamParameters" id="dummyStream-1">
    <attr name="mode" type="enum" val="fix_rate"/>
  </obj>

  <obj class="TADataProcessor" id="def-ta-processor">
    <attr name="queue_sizes" type="u32" val="10000"/>
    <attr name="thread_names_prefix" type="string" val="postproc-"/>
    <attr name="mask_processing" type="bool" val="0"/>
    <attr name="print_ta_info" type="bool" val="0"/>
    <rel name="algorithms">
      <ref class="TriggerCandidateMakerPrescalePlugin" id="tc-pass-through-algo"/>
    </rel>
  </obj>

  <obj class="TPDataProcessor" id="dummy-tp-processor">
    <attr name="queue_sizes" type="u32" val="10000"/>
    <attr name="thread_names_prefix" type="string" val="postproc-"/>
    <attr name="mask_processing" type="bool" val="1"/>
    <attr name="print_tp_info" type="bool" val="0"/>
    <rel name="algorithms">
      <ref class="TriggerActivityMakerPrescalePlugin" id="dummy-ta-maker"/>
    </rel>
  </obj>

  <obj class="TPDataProcessor" id="tp-processor">
    <attr name="queue_sizes" type="u32" val="10000"/>
    <attr name="thread_names_prefix" type="string" val="postproc-"/>
    <attr name="mask_processing" type="bool" val="0"/>
    <attr name="print_tp_info" type="bool" val="0"/>
    <rel name="algorithms">
      <ref class="TriggerActivityMakerPrescalePlugin" id="dummy-ta-maker"/>
    </rel>
  </obj>

  <obj class="TRBConf" id="trb-01">
    <attr name="queues_timeout" type="u32" val="100"/>
    <attr name="trigger_record_timeout_ms" type="u32" val="2858"/>
  </obj>

  <obj class="TriggerActivityMakerPrescalePlugin" id="dummy-ta-maker">
    <attr name="prescale" type="u32" val="10000"/>
  </obj>

  <obj class="TriggerApplication" id="ta-maker-1">
    <attr name="source_id" type="u32" val="100"/>
    <attr name="application_name" type="string" val="daq_application"/>
    <rel name="runs_on" class="VirtualHost" id="vlocalhost"/>
    <rel name="queue_rules">
      <ref class="QueueConnectionRule" id="tp-queue-rule"/>
    </rel>
    <rel name="network_rules">
      <ref class="NetworkConnectionRule" id="ta-net-rule"/>
      <ref class="NetworkConnectionRule" id="tp-net-rule"/>
      <ref class="NetworkConnectionRule" id="data-req-trig-net-rule"/>
    </rel>
    <rel name="data_subscriber" class="DataReaderConf" id="ta-subscriber-1"/>
    <rel name="trigger_inputs_handler" class="ReadoutModuleConf" id="trg-tp-handler"/>
  </obj>

  <obj class="TriggerApplication" id="tc-maker-1">
    <attr name="source_id" type="u32" val="10000"/>
    <attr name="application_name" type="string" val="daq_application"/>
    <rel name="runs_on" class="VirtualHost" id="vlocalhost"/>
    <rel name="queue_rules">
      <ref class="QueueConnectionRule" id="ta-queue-rule"/>
    </rel>
    <rel name="network_rules">
      <ref class="NetworkConnectionRule" id="ta-net-rule"/>
      <ref class="NetworkConnectionRule" id="tc-mlt-rule"/>
      <ref class="NetworkConnectionRule" id="data-req-trig-net-rule"/>
    </rel>
    <rel name="data_subscriber" class="DataReaderConf" id="ta-subscriber-1"/>
    <rel name="trigger_inputs_handler" class="ReadoutModuleConf" id="def-ta-handler"/>
  </obj>

  <obj class="TriggerCandidateMakerPrescalePlugin" id="tc-pass-through-algo">
    <attr name="prescale" type="u32" val="10"/>
  </obj>

  <obj class="VirtualHost" id="vlocalhost">
    <rel name="uses">
      <ref class="ProcessingResource" id="localhost_cpus"/>
    </rel>
    <rel name="runs_on" class="PhysicalHost" id="localhost"/>
  </obj>

</oks-data>
