<?xml version="1.0" encoding="ASCII"?>

<!-- oks-data version 2.2 -->


<!DOCTYPE oks-data [
  <!ELEMENT oks-data (info, (include)?, (comments)?, (obj)+)>
  <!ELEMENT info EMPTY>
  <!ATTLIST info
      name CDATA #IMPLIED
      type CDATA #IMPLIED
      num-of-items CDATA #REQUIRED
      oks-format CDATA #FIXED "data"
      oks-version CDATA #REQUIRED
      created-by CDATA #IMPLIED
      created-on CDATA #IMPLIED
      creation-time CDATA #IMPLIED
      last-modified-by CDATA #IMPLIED
      last-modified-on CDATA #IMPLIED
      last-modification-time CDATA #IMPLIED
  >
  <!ELEMENT include (file)*>
  <!ELEMENT file EMPTY>
  <!ATTLIST file
      path CDATA #REQUIRED
  >
  <!ELEMENT comments (comment)*>
  <!ELEMENT comment EMPTY>
  <!ATTLIST comment
      creation-time CDATA #REQUIRED
      created-by CDATA #REQUIRED
      created-on CDATA #REQUIRED
      author CDATA #REQUIRED
      text CDATA #REQUIRED
  >
  <!ELEMENT obj (attr | rel)*>
  <!ATTLIST obj
      class CDATA #REQUIRED
      id CDATA #REQUIRED
  >
  <!ELEMENT attr (data)*>
  <!ATTLIST attr
      name CDATA #REQUIRED
      type (bool|s8|u8|s16|u16|s32|u32|s64|u64|float|double|date|time|string|uid|enum|class|-) "-"
      val CDATA ""
  >
  <!ELEMENT data EMPTY>
  <!ATTLIST data
      val CDATA #REQUIRED
  >
  <!ELEMENT rel (ref)*>
  <!ATTLIST rel
      name CDATA #REQUIRED
      class CDATA ""
      id CDATA ""
  >
  <!ELEMENT ref EMPTY>
  <!ATTLIST ref
      class CDATA #REQUIRED
      id CDATA #REQUIRED
  >
]>

<oks-data>

  <info name="" type="" num-of-items="178" oks-format="data" oks-version="862f2957270" created-by="eflumerf" created-on="ironvirt9.mshome.net" creation-time="20240314T153723" last-modified-by="eflumerf" last-modified-on="ironvirt9.mshome.net" last-modification-time="20240314T153723"/>

  <include>
    <file path="schema/appdal/fdmodules.schema.xml"/>
    <file path="schema/coredal/dunedaq.schema.xml"/>
    <file path="schema/appdal/trigger.schema.xml"/>
    <file path="schema/appdal/application.schema.xml"/>
    <file path="config/appdal/connections.data.xml"/>
    <file path="config/appdal/fsm.data.xml"/>
  </include>

  <obj class="DFApplication" id="df-01">
    <attr name="application_name" type="string" val="daq_application"/>
    <attr name="source_id" type="u32" val="1"/>
    <rel name="runs_on" class="VirtualHost" id="vlocalhost"/>
    <rel name="queue_rules">
      <ref class="QueueConnectionRule" id="trigger-record-q-rule"/>
    </rel>
    <rel name="network_rules">
      <ref class="NetworkConnectionRule" id="td-trb-net-rule"/>
      <ref class="NetworkConnectionRule" id="data-req-net-rule"/>
      <ref class="NetworkConnectionRule" id="frag-net-rule"/>
      <ref class="NetworkConnectionRule" id="df-token-net-rule"/>
      <ref class="NetworkConnectionRule" id="hsi-data-req-net-rule"/>
    </rel>
    <rel name="trb" class="TRBConf" id="trb-01"/>
    <rel name="data_writer" class="DataWriterConf" id="dw-01"/>
    <rel name="uses" class="DFHWConf" id="dfhw-01"/>
  </obj>

  <obj class="DFApplication" id="df-02">
    <attr name="application_name" type="string" val="daq_application"/>
    <attr name="source_id" type="u32" val="2"/>
    <rel name="runs_on" class="VirtualHost" id="vlocalhost"/>
    <rel name="queue_rules">
      <ref class="QueueConnectionRule" id="trigger-record-q-rule"/>
    </rel>
    <rel name="network_rules">
      <ref class="NetworkConnectionRule" id="td-trb-net-rule"/>
      <ref class="NetworkConnectionRule" id="data-req-net-rule"/>
      <ref class="NetworkConnectionRule" id="frag-net-rule"/>
      <ref class="NetworkConnectionRule" id="df-token-net-rule"/>
    </rel>
    <rel name="trb" class="TRBConf" id="trb-01"/>
    <rel name="data_writer" class="DataWriterConf" id="dw-01"/>
    <rel name="uses" class="DFHWConf" id="dfhw-01"/>
  </obj>

  <obj class="DFHWConf" id="dfhw-01">
    <rel name="uses">
      <ref class="StorageDevice" id="storage-01"/>
    </rel>
  </obj>

  <obj class="DFOApplication" id="dfo-01">
    <attr name="application_name" type="string" val="daq_application"/>
    <rel name="runs_on" class="VirtualHost" id="vlocalhost"/>
    <rel name="network_rules">
      <ref class="NetworkConnectionRule" id="td-dfo-net-rule"/>
      <ref class="NetworkConnectionRule" id="ti-net-rule"/>
      <ref class="NetworkConnectionRule" id="df-token-net-rule"/>
    </rel>
    <rel name="dfo" class="DFOConf" id="dfoconf-01"/>
  </obj>

  <obj class="DFOConf" id="dfoconf-01">
    <attr name="general_queue_timeout_ms" type="u32" val="100"/>
    <attr name="stop_timeout_ms" type="u32" val="100"/>
    <attr name="td_send_retries" type="s32" val="5"/>
    <attr name="busy_threshold" type="s32" val="2"/>
    <attr name="free_threshold" type="s32" val="1"/>
  </obj>

  <obj class="DataStoreConf" id="default">
    <attr name="type" type="string" val="HDF5DataStore"/>
    <attr name="directory_path" type="string" val="."/>
    <attr name="mode" type="enum" val="all-per-file"/>
    <attr name="max_file_size" type="u64" val="4294967296"/>
    <attr name="disable_unique_filename_suffix" type="bool" val="0"/>
    <attr name="free_space_safety_factor" type="s32" val="5"/>
    <rel name="file_layout_params" class="HDF5FileLayoutParams" id="default"/>
    <rel name="filename_params" class="FilenameParams" id="default"/>
  </obj>

  <obj class="DataWriterConf" id="dw-01">
    <attr name="data_storage_prescale" type="s32" val="1"/>
    <attr name="min_write_retry_time_ms" type="s32" val="1"/>
    <attr name="max_write_retry_time_ms" type="s32" val="1000"/>
    <attr name="write_retry_time_increase_factor" type="s32" val="2"/>
    <rel name="data_store_params" class="DataStoreConf" id="default"/>
  </obj>

  <obj class="DetectorConfig" id="dummy-detector">
    <attr name="tpg_channel_map" type="string" val="PD2HDChannelMap"/>
    <attr name="clock_speed_hz" type="u32" val="62500000"/>
    <attr name="op_env" type="string" val="test"/>
  </obj>
  
  <obj class="FilenameParams" id="default">
    <attr name="overall_prefix" type="string" val="swtest"/>
    <attr name="run_number_prefix" type="string" val="run"/>
    <attr name="digits_for_run_number" type="s32" val="6"/>
    <attr name="digits_for_file_index" type="s32" val="4"/>
    <attr name="writer_identifier" type="string" val="dataflow0_datawriter_0"/>
    <attr name="digits_for_trigger_number" type="s32" val="6"/>
  </obj>

  <obj class="HDF5FileLayoutParams" id="default">
    <attr name="record_name_prefix" type="string" val="TriggerRecord"/>
    <attr name="digits_for_record_number" type="s32" val="5"/>
    <attr name="digits_for_sequence_number" type="s32" val="4"/>
    <attr name="record_header_dataset_name" type="string" val="TriggerRecordHeader"/>
    <attr name="raw_data_group_name" type="string" val="RawData"/>
    <attr name="view_group_name" type="string" val="Views"/>
    <rel name="path_params_list">
      <ref class="HDF5PathParams" id="DataSelection"/>
      <ref class="HDF5PathParams" id="HSI"/>
      <ref class="HDF5PathParams" id="NDLArPDS"/>
      <ref class="HDF5PathParams" id="NDLarTPC"/>
      <ref class="HDF5PathParams" id="PDS"/>
      <ref class="HDF5PathParams" id="TPC"/>
    </rel>
  </obj>

  <obj class="HDF5PathParams" id="DataSelection">
    <attr name="detector_group_type" type="string" val="Trigger"/>
    <attr name="detector_group_name" type="string" val="DataSelection"/>
    <attr name="element_name_prefix" type="string" val="Element"/>
    <attr name="digits_for_element_number" type="s32" val="5"/>
  </obj>

  <obj class="HDF5PathParams" id="HSI">
    <attr name="detector_group_type" type="string" val="HW_Signals_Interface"/>
    <attr name="detector_group_name" type="string" val="HSI"/>
    <attr name="element_name_prefix" type="string" val="Element"/>
    <attr name="digits_for_element_number" type="s32" val="5"/>
  </obj>

  <obj class="HDF5PathParams" id="NDLArPDS">
    <attr name="detector_group_type" type="string" val="Detector_Readout"/>
    <attr name="detector_group_name" type="string" val="NDLArPDS"/>
    <attr name="element_name_prefix" type="string" val="Element"/>
    <attr name="digits_for_element_number" type="s32" val="5"/>
  </obj>

  <obj class="HDF5PathParams" id="NDLarTPC">
    <attr name="detector_group_type" type="string" val="Detector_Readout"/>
    <attr name="detector_group_name" type="string" val="NDLArTPC"/>
    <attr name="element_name_prefix" type="string" val="Element"/>
    <attr name="digits_for_element_number" type="s32" val="5"/>
  </obj>

  <obj class="HDF5PathParams" id="PDS">
    <attr name="detector_group_type" type="string" val="Detector_Readout"/>
    <attr name="detector_group_name" type="string" val="PDS"/>
    <attr name="element_name_prefix" type="string" val="Element"/>
    <attr name="digits_for_element_number" type="s32" val="5"/>
  </obj>

  <obj class="HDF5PathParams" id="TPC">
    <attr name="detector_group_type" type="string" val="Detector_Readout"/>
    <attr name="detector_group_name" type="string" val="TPC"/>
    <attr name="element_name_prefix" type="string" val="Link"/>
    <attr name="digits_for_element_number" type="s32" val="5"/>
  </obj>

  <obj class="MLTApplication" id="mlt">
    <attr name="application_name" type="string" val="daq_application"/>
    <rel name="runs_on" class="VirtualHost" id="vlocalhost"/>
    <rel name="network_rules">
      <ref class="NetworkConnectionRule" id="tc-net-rule"/>
      <ref class="NetworkConnectionRule" id="ti-net-rule"/>
      <ref class="NetworkConnectionRule" id="td-dfo-net-rule"/>
    </rel>
    <rel name="mlt_conf" class="ModuleLevelTriggerConf" id="mlt-conf"/>
    <rel name="standalone_candidate_maker_confs">
      <ref class="RandomTriggerCandidateMakerConf" id="random-tc-generator"/>
    </rel>
  </obj>

  <obj class="ModuleLevelTriggerConf" id="mlt-conf">
    <attr name="template_for" type="class" val="ModuleLevelTrigger"/>
    <attr name="hsi_trigger_type_passthrough" type="bool" val="0"/>
    <attr name="merge_overlapping_tcs" type="bool" val="1"/>
    <attr name="td_out_of_timeout" type="bool" val="1"/>
    <attr name="buffer_timeout" type="u32" val="1"/>
    <attr name="td_readout_limit" type="u32" val="1"/>
    <attr name="use_bitwords" type="bool" val="0"/>
    <attr name="use_roi_readout" type="bool" val="0"/>
    <attr name="use_readout_map" type="bool" val="0"/>
    <rel name="tc_readout_map">
      <ref class="TCReadoutMap" id="def-tc-map"/>
      <ref class="TCReadoutMap" id="def-hsi-tc-map"/>
    </rel>
  </obj>

  <obj class="NICStatsConf" id="def-nic-stats">
    <attr name="analyze_nth_packet" type="s32" val="1"/>
    <attr name="expected_packet_size" type="u32" val="7243"/>
    <attr name="expected_seq_id_step" type="u32" val="1"/>
    <attr name="expected_timestamp_step" type="s32" val="1000"/>
  </obj>

  <obj class="PhysicalHost" id="localhost">
    <rel name="contains">
      <ref class="ProcessingResource" id="localhost_cpus"/>
    </rel>
  </obj>

  <obj class="ProcessingResource" id="localhost_cpus">
    <attr name="cpu_cores" type="u16">
      <data val="0"/>
      <data val="1"/>
      <data val="2"/>
      <data val="3"/>
    </attr>
  </obj>

  <obj class="RCApplication" id="df-controller">
    <attr name="application_name" type="string" val="controller"/>
    <rel name="runs_on" class="VirtualHost" id="vlocalhost"/>
    <rel name="fsm" class="FSMconfiguration" id="fsmConf-1"/>
  </obj>

  <obj class="RCApplication" id="root-controller">
    <attr name="application_name" type="string" val="controller"/>
    <rel name="runs_on" class="VirtualHost" id="vlocalhost"/>
    <rel name="fsm" class="FSMconfiguration" id="fsmConf-1"/>
  </obj>

  <obj class="RCApplication" id="trg-controller">
    <attr name="application_name" type="string" val="controller"/>
    <rel name="runs_on" class="VirtualHost" id="vlocalhost"/>
    <rel name="fsm" class="FSMconfiguration" id="fsmConf-1"/>
  </obj>

  <obj class="RandomTriggerCandidateMakerConf" id="random-tc-generator">
    <attr name="timestamp_method" type="enum" val="kTimeSync"/>
    <attr name="template_for" type="class" val="RandomTriggerCandidateMaker"/>
    <attr name="trigger_interval_ticks" type="u32" val="62500000"/>
    <attr name="clock_frequency_hz" type="u32" val="62500000"/>
    <attr name="time_distribution" type="enum" val="kUniform"/>
  </obj>

  <obj class="Segment" id="df-segment">
    <rel name="applications">
      <ref class="DFOApplication" id="dfo-01"/>
      <ref class="DFApplication" id="df-01"/>
      <ref class="DFApplication" id="df-02"/>
    </rel>
    <rel name="controller" class="RCApplication" id="df-controller"/>
  </obj>

  <obj class="Segment" id="root-segment">
    <rel name="segments">
      <ref class="Segment" id="df-segment"/>
      <ref class="Segment" id="trg-segment"/>
    </rel>
    <rel name="controller" class="RCApplication" id="root-controller"/>
  </obj>

  <obj class="Segment" id="trg-segment">
    <rel name="applications">
      <ref class="MLTApplication" id="mlt"/>
    </rel>
    <rel name="controller" class="RCApplication" id="trg-controller"/>
  </obj>

  <obj class="StorageDevice" id="storage-01">
    <attr name="storage" type="u32" val="1000"/>
  </obj>

  <obj class="TRBConf" id="trb-01">
    <attr name="queues_timeout" type="u32" val="100"/>
    <attr name="trigger_record_timeout_ms" type="u32" val="2858"/>
  </obj>


  <obj class="VirtualHost" id="vlocalhost">
    <rel name="uses">
      <ref class="ProcessingResource" id="localhost_cpus"/>
    </rel>
    <rel name="runs_on" class="PhysicalHost" id="localhost"/>
  </obj>

</oks-data>
